[    0.000000] Initializing cgroup subsys cpuset
[    0.000000] Initializing cgroup subsys cpu
[    0.000000] Initializing cgroup subsys cpuacct
[    0.000000] Linux version 4.4.0-210-generic (buildd@lgw01-amd64-009) (gcc version 5.4.0 20160609 (Ubuntu 5.4.0-6ubuntu1~16.04.12) ) #242-Ubuntu SMP Fri Apr 16 09:57:56 UTC 2021 (Ubuntu 4.4.0-210.242-generic 4.4.262)
[    0.000000] Command line: BOOT_IMAGE=/boot/vmlinuz-4.4.0-210-generic root=LABEL=cloudimg-rootfs ro console=tty1 console=ttyS0
[    0.000000] KERNEL supported cpus:
[    0.000000]   Intel GenuineIntel
[    0.000000]   AMD AuthenticAMD
[    0.000000]   Centaur CentaurHauls
[    0.000000] x86/fpu: Supporting XSAVE feature 0x01: 'x87 floating point registers'
[    0.000000] x86/fpu: Supporting XSAVE feature 0x02: 'SSE registers'
[    0.000000] x86/fpu: Enabled xstate features 0x3, context size is 576 bytes, using 'standard' format.
[    0.000000] e820: BIOS-provided physical RAM map:
[    0.000000] BIOS-e820: [mem 0x0000000000000000-0x000000000009fbff] usable
[    0.000000] BIOS-e820: [mem 0x000000000009fc00-0x000000000009ffff] reserved
[    0.000000] BIOS-e820: [mem 0x00000000000f0000-0x00000000000fffff] reserved
[    0.000000] BIOS-e820: [mem 0x0000000000100000-0x000000003ffeffff] usable
[    0.000000] BIOS-e820: [mem 0x000000003fff0000-0x000000003fffffff] ACPI data
[    0.000000] BIOS-e820: [mem 0x00000000fec00000-0x00000000fec00fff] reserved
[    0.000000] BIOS-e820: [mem 0x00000000fee00000-0x00000000fee00fff] reserved
[    0.000000] BIOS-e820: [mem 0x00000000fffc0000-0x00000000ffffffff] reserved
[    0.000000] NX (Execute Disable) protection: active
[    0.000000] SMBIOS 2.5 present.
[    0.000000] Hypervisor detected: KVM
[    0.000000] e820: last_pfn = 0x3fff0 max_arch_pfn = 0x400000000
[    0.000000] MTRR: Disabled
[    0.000000] x86/PAT: MTRRs disabled, skipping PAT initialization too.
[    0.000000] CPU MTRRs all blank - virtualized system.
[    0.000000] x86/PAT: Configuration [0-7]: WB  WT  UC- UC  WB  WT  UC- UC  
[    0.000000] found SMP MP-table at [mem 0x0009fff0-0x0009ffff] mapped at [ffff88000009fff0]
[    0.000000] Scanning 1 areas for low memory corruption
[    0.000000] RAMDISK: [mem 0x362dc000-0x37165fff]
[    0.000000] ACPI: Early table checksum verification disabled
[    0.000000] ACPI: RSDP 0x00000000000E0000 000024 (v02 VBOX  )
[    0.000000] ACPI: XSDT 0x000000003FFF0030 00003C (v01 VBOX   VBOXXSDT 00000001 ASL  00000061)
[    0.000000] ACPI: FACP 0x000000003FFF00F0 0000F4 (v04 VBOX   VBOXFACP 00000001 ASL  00000061)
[    0.000000] ACPI: DSDT 0x000000003FFF0610 002353 (v02 VBOX   VBOXBIOS 00000002 INTL 20230331)
[    0.000000] ACPI: FACS 0x000000003FFF0200 000040
[    0.000000] ACPI: FACS 0x000000003FFF0200 000040
[    0.000000] ACPI: APIC 0x000000003FFF0240 00005C (v02 VBOX   VBOXAPIC 00000001 ASL  00000061)
[    0.000000] ACPI: SSDT 0x000000003FFF02A0 00036C (v01 VBOX   VBOXCPUT 00000002 INTL 20230331)
[    0.000000] No NUMA configuration found
[    0.000000] Faking a node at [mem 0x0000000000000000-0x000000003ffeffff]
[    0.000000] NODE_DATA(0) allocated [mem 0x3ffeb000-0x3ffeffff]
[    0.000000] kvm-clock: Using msrs 4b564d01 and 4b564d00
[    0.000000] kvm-clock: cpu 0, msr 0:3ffe3001, primary cpu clock
[    0.000000] kvm-clock: using sched offset of 3696884912 cycles
[    0.000000] clocksource: kvm-clock: mask: 0xffffffffffffffff max_cycles: 0x1cd42e4dffb, max_idle_ns: 881590591483 ns
[    0.000000] Zone ranges:
[    0.000000]   DMA      [mem 0x0000000000001000-0x0000000000ffffff]
[    0.000000]   DMA32    [mem 0x0000000001000000-0x000000003ffeffff]
[    0.000000]   Normal   empty
[    0.000000]   Device   empty
[    0.000000] Movable zone start for each node
[    0.000000] Early memory node ranges
[    0.000000]   node   0: [mem 0x0000000000001000-0x000000000009efff]
[    0.000000]   node   0: [mem 0x0000000000100000-0x000000003ffeffff]
[    0.000000] Initmem setup node 0 [mem 0x0000000000001000-0x000000003ffeffff]
[    0.000000] ACPI: PM-Timer IO Port: 0x4008
[    0.000000] IOAPIC[0]: apic_id 2, version 32, address 0xfec00000, GSI 0-23
[    0.000000] ACPI: INT_SRC_OVR (bus 0 bus_irq 0 global_irq 2 dfl dfl)
[    0.000000] ACPI: INT_SRC_OVR (bus 0 bus_irq 9 global_irq 9 low level)
[    0.000000] Using ACPI (MADT) for SMP configuration information
[    0.000000] smpboot: Allowing 2 CPUs, 0 hotplug CPUs
[    0.000000] PM: Registered nosave memory: [mem 0x00000000-0x00000fff]
[    0.000000] PM: Registered nosave memory: [mem 0x0009f000-0x0009ffff]
[    0.000000] PM: Registered nosave memory: [mem 0x000a0000-0x000effff]
[    0.000000] PM: Registered nosave memory: [mem 0x000f0000-0x000fffff]
[    0.000000] e820: [mem 0x40000000-0xfebfffff] available for PCI devices
[    0.000000] Booting paravirtualized kernel on KVM
[    0.000000] clocksource: refined-jiffies: mask: 0xffffffff max_cycles: 0xffffffff, max_idle_ns: 7645519600211568 ns
[    0.000000] setup_percpu: NR_CPUS:512 nr_cpumask_bits:512 nr_cpu_ids:2 nr_node_ids:1
[    0.000000] PERCPU: Embedded 33 pages/cpu @ffff88003fc00000 s95192 r8192 d31784 u1048576
[    0.000000] Built 1 zonelists in Node order, mobility grouping on.  Total pages: 257912
[    0.000000] Policy zone: DMA32
[    0.000000] Kernel command line: BOOT_IMAGE=/boot/vmlinuz-4.4.0-210-generic root=LABEL=cloudimg-rootfs ro console=tty1 console=ttyS0
[    0.000000] PID hash table entries: 4096 (order: 3, 32768 bytes)
[    0.000000] Memory: 997792K/1048120K available (8644K kernel code, 1332K rwdata, 4044K rodata, 1492K init, 1164K bss, 50328K reserved, 0K cma-reserved)
[    0.000000] SLUB: HWalign=64, Order=0-3, MinObjects=0, CPUs=2, Nodes=1
[    0.000000] Kernel/User page tables isolation: enabled
[    0.000000] Hierarchical RCU implementation.
[    0.000000] 	Build-time adjustment of leaf fanout to 64.
[    0.000000] 	RCU restricting CPUs from NR_CPUS=512 to nr_cpu_ids=2.
[    0.000000] RCU: Adjusting geometry for rcu_fanout_leaf=64, nr_cpu_ids=2
[    0.000000] NR_IRQS:33024 nr_irqs:440 16
[    0.000000] Console: colour VGA+ 80x25
[    0.000000] console [tty1] enabled
[    0.000000] console [ttyS0] enabled
[    0.000000] tsc: Detected 1094.400 MHz processor
[    0.367120] Calibrating delay loop (skipped) preset value.. 2188.80 BogoMIPS (lpj=4377600)
[    0.371524] pid_max: default: 32768 minimum: 301
[    0.373884] ACPI: Core revision 20150930
[    0.378161] ACPI: 2 ACPI AML tables successfully acquired and loaded
[    0.381624] Security Framework initialized
[    0.383894] Yama: becoming mindful.
[    0.385912] AppArmor: AppArmor initialized
[    0.388195] Dentry cache hash table entries: 131072 (order: 8, 1048576 bytes)
[    0.392076] Inode-cache hash table entries: 65536 (order: 7, 524288 bytes)
[    0.395463] Mount-cache hash table entries: 2048 (order: 2, 16384 bytes)
[    0.398572] Mountpoint-cache hash table entries: 2048 (order: 2, 16384 bytes)
[    0.402065] Initializing cgroup subsys io
[    0.404240] Initializing cgroup subsys memory
[    0.406549] Initializing cgroup subsys devices
[    0.408859] Initializing cgroup subsys freezer
[    0.411177] Initializing cgroup subsys net_cls
[    0.413497] Initializing cgroup subsys perf_event
[    0.416056] Initializing cgroup subsys net_prio
[    0.418446] Initializing cgroup subsys hugetlb
[    0.420791] Initializing cgroup subsys pids
[    0.431151] mce: CPU supports 0 MCE banks
[    0.433603] Last level iTLB entries: 4KB 0, 2MB 0, 4MB 0
[    0.436405] Last level dTLB entries: 4KB 0, 2MB 0, 4MB 0, 1GB 0
[    0.439487] Spectre V1 : Mitigation: usercopy/swapgs barriers and __user pointer sanitization
[    0.444164] Spectre V2 : Mitigation: Full generic retpoline
[    0.447003] Spectre V2 : Spectre v2 / SpectreRSB mitigation: Filling RSB on context switch
[    0.451506] Speculative Store Bypass: Vulnerable
[    0.462874] Freeing SMP alternatives memory: 36K
[    0.484681] ftrace: allocating 32380 entries in 127 pages
[    0.644416] smpboot: APIC(0) Converting physical 0 to logical package 0
[    0.648021] smpboot: Max logical packages: 1
[    0.651149] x2apic enabled
[    0.653741] Switched APIC routing to physical x2apic.
[    0.659667] ..TIMER: vector=0x30 apic1=0 pin1=2 apic2=-1 pin2=-1
[    0.770821] smpboot: CPU0: Intel(R) Pentium(R) Silver N5000 CPU @ 1.10GHz (family: 0x6, model: 0x7a, stepping: 0x1)
[    0.776489] Performance Events: unsupported p6 CPU model 122 no PMU driver, software events only.
[    0.802450] KVM setup paravirtual spinlock
[    0.805909] x86: Booting SMP configuration:
[    0.808178] .... node  #0, CPUs:      #1
[    0.810487] kvm-clock: cpu 1, msr 0:3ffe3041, secondary cpu clock
[    0.820446] mce: CPU supports 0 MCE banks
[    0.823679] x86: Booted up 1 node, 2 CPUs
[    0.826544] smpboot: Total of 2 processors activated (4377.60 BogoMIPS)
[    0.830439] devtmpfs: initialized
[    0.836261] evm: security.selinux
[    0.838252] evm: security.SMACK64
[    0.840184] evm: security.SMACK64EXEC
[    0.842225] evm: security.SMACK64TRANSMUTE
[    0.844426] evm: security.SMACK64MMAP
[    0.846467] evm: security.ima
[    0.848283] evm: security.capability
[    0.850567] clocksource: jiffies: mask: 0xffffffff max_cycles: 0xffffffff, max_idle_ns: 7645041785100000 ns
[    0.855444] futex hash table entries: 512 (order: 3, 32768 bytes)
[    0.858483] pinctrl core: initialized pinctrl subsystem
[    0.861299] RTC time: 11:19:09, date: 11/14/23
[    0.864007] NET: Registered protocol family 16
[    0.875678] cpuidle: using governor ladder
[    0.887685] cpuidle: using governor menu
[    0.890029] PCCT header not found.
[    0.892143] ACPI: bus type PCI registered
[    0.894291] acpiphp: ACPI Hot Plug PCI Controller Driver version: 0.5
[    0.897508] PCI: Using configuration type 1 for base access
[    0.912634] ACPI: Added _OSI(Module Device)
[    0.915037] ACPI: Added _OSI(Processor Device)
[    0.917427] ACPI: Added _OSI(3.0 _SCP Extensions)
[    0.919971] ACPI: Added _OSI(Processor Aggregator Device)
[    0.923691] ACPI: Executed 1 blocks of module-level executable AML code
[    0.930287] ACPI: Interpreter enabled
[    0.932490] ACPI: (supports S0 S5)
[    0.934440] ACPI: Using IOAPIC for interrupt routing
[    0.937244] PCI: Using host bridge windows from ACPI; if necessary, use "pci=nocrs" and report a bug
[    0.948098] ACPI: PCI Root Bridge [PCI0] (domain 0000 [bus 00-ff])
[    0.951061] acpi PNP0A03:00: _OSC: OS supports [ASPM ClockPM Segments MSI]
[    0.954828] acpi PNP0A03:00: _OSC: not requesting OS control; OS requires [ExtendedConfig ASPM ClockPM MSI]
[    0.959699] acpi PNP0A03:00: fail to add MMCONFIG information, can't access extended PCI configuration space under this bridge.
[    0.965632] PCI host bridge to bus 0000:00
[    0.967844] pci_bus 0000:00: root bus resource [io  0x0000-0x0cf7 window]
[    0.970946] pci_bus 0000:00: root bus resource [io  0x0d00-0xffff window]
[    0.974116] pci_bus 0000:00: root bus resource [mem 0x000a0000-0x000bffff window]
[    0.978120] pci_bus 0000:00: root bus resource [mem 0x40000000-0xfdffffff window]
[    0.982133] pci_bus 0000:00: root bus resource [bus 00-ff]
[    0.988445] pci 0000:00:01.1: legacy IDE quirk: reg 0x10: [io  0x01f0-0x01f7]
[    0.991768] pci 0000:00:01.1: legacy IDE quirk: reg 0x14: [io  0x03f6]
[    0.994785] pci 0000:00:01.1: legacy IDE quirk: reg 0x18: [io  0x0170-0x0177]
[    0.998044] pci 0000:00:01.1: legacy IDE quirk: reg 0x1c: [io  0x0376]
[    1.026720] pci 0000:00:07.0: quirk: [io  0x4000-0x403f] claimed by PIIX4 ACPI
[    1.030856] pci 0000:00:07.0: quirk: [io  0x4100-0x410f] claimed by PIIX4 SMB
[    1.112090] ACPI: PCI Interrupt Link [LNKA] (IRQs 5 9 10 *11)
[    1.116626] ACPI: PCI Interrupt Link [LNKB] (IRQs 5 9 *10 11)
[    1.120643] ACPI: PCI Interrupt Link [LNKC] (IRQs 5 *9 10 11)
[    1.124650] ACPI: PCI Interrupt Link [LNKD] (IRQs 5 9 10 *11)
[    1.128815] ACPI: Enabled 2 GPEs in block 00 to 07
[    1.132047] vgaarb: setting as boot device: PCI:0000:00:02.0
[    1.134823] vgaarb: device added: PCI:0000:00:02.0,decodes=io+mem,owns=io+mem,locks=none
[    1.139088] vgaarb: loaded
[    1.140803] vgaarb: bridge control possible 0000:00:02.0
[    1.143773] SCSI subsystem initialized
[    1.146074] ACPI: bus type USB registered
[    1.148321] usbcore: registered new interface driver usbfs
[    1.151039] usbcore: registered new interface driver hub
[    1.153733] usbcore: registered new device driver usb
[    1.157035] PCI: Using ACPI for IRQ routing
[    1.160098] NetLabel: Initializing
[    1.162789] NetLabel:  domain hash size = 128
[    1.165169] NetLabel:  protocols = UNLABELED CIPSOv4
[    1.167694] NetLabel:  unlabeled traffic allowed by default
[    1.170601] amd_nb: Cannot enumerate AMD northbridges
[    1.173236] clocksource: Switched to clocksource kvm-clock
[    1.185813] AppArmor: AppArmor Filesystem Enabled
[    1.188577] pnp: PnP ACPI init
[    1.191892] pnp: PnP ACPI: found 3 devices
[    1.207347] clocksource: acpi_pm: mask: 0xffffff max_cycles: 0xffffff, max_idle_ns: 2085701024 ns
[    1.212704] NET: Registered protocol family 2
[    1.215697] TCP established hash table entries: 8192 (order: 4, 65536 bytes)
[    1.220422] TCP bind hash table entries: 8192 (order: 5, 131072 bytes)
[    1.226666] TCP: Hash tables configured (established 8192 bind 8192)
[    1.232610] UDP hash table entries: 512 (order: 2, 16384 bytes)
[    1.238024] UDP-Lite hash table entries: 512 (order: 2, 16384 bytes)
[    1.243887] NET: Registered protocol family 1
[    1.248032] pci 0000:00:00.0: Limiting direct PCI/PCI transfers
[    1.253793] pci 0000:00:01.0: Activating ISA DMA hang workarounds
[    1.259711] Unpacking initramfs...
[    1.532527] Freeing initrd memory: 14888K
[    1.535338] clocksource: tsc: mask: 0xffffffffffffffff max_cycles: 0xfc66f4fc7c, max_idle_ns: 440795224246 ns
[    1.540338] platform rtc_cmos: registered platform RTC device (no PNP device found)
[    1.544474] Scanning for low memory corruption every 60 seconds
[    1.548276] audit: initializing netlink subsys (disabled)
[    1.551069] audit: type=2000 audit(1699960755.371:1): initialized
[    1.554302] Initialise system trusted keyring
[    1.556897] HugeTLB registered 2 MB page size, pre-allocated 0 pages
[    1.561629] zbud: loaded
[    1.563757] VFS: Disk quotas dquot_6.6.0
[    1.565970] VFS: Dquot-cache hash table entries: 512 (order 0, 4096 bytes)
[    1.569465] squashfs: version 4.0 (2009/01/31) Phillip Lougher
[    1.572733] fuse init (API version 7.23)
[    1.575161] Key type big_key registered
[    1.577278] Allocating IMA MOK and blacklist keyrings.
[    1.581956] Key type asymmetric registered
[    1.584155] Asymmetric key parser 'x509' registered
[    1.586715] Block layer SCSI generic (bsg) driver version 0.4 loaded (major 249)
[    1.590841] io scheduler noop registered
[    1.592969] io scheduler deadline registered (default)
[    1.595639] io scheduler cfq registered
[    1.597879] pci_hotplug: PCI Hot Plug PCI Core version: 0.5
[    1.600596] pciehp: PCI Express Hot Plug Controller Driver version: 0.4
[    1.603937] ACPI: AC Adapter [AC] (off-line)
[    1.606277] input: Power Button as /devices/LNXSYSTM:00/LNXPWRBN:00/input/input0
[    1.610199] ACPI: Power Button [PWRF]
[    1.612387] input: Sleep Button as /devices/LNXSYSTM:00/LNXSLPBN:00/input/input1
[    1.616329] ACPI: Sleep Button [SLPF]
[    1.618892] GHES: HEST is not enabled!
[    1.619954] ACPI: Battery Slot [BAT0] (battery present)
[    1.623842] Serial: 8250/16550 driver, 32 ports, IRQ sharing enabled
[    1.648751] 00:02: ttyS0 at I/O 0x3f8 (irq = 4, base_baud = 115200) is a 16550A
[    1.657264] Linux agpgart interface v0.103
[    1.663409] loop: module loaded
[    1.666406] scsi host0: ata_piix
[    1.668532] scsi host1: ata_piix
[    1.670501] ata1: PATA max UDMA/33 cmd 0x1f0 ctl 0x3f6 bmdma 0xd000 irq 14
[    1.673633] ata2: PATA max UDMA/33 cmd 0x170 ctl 0x376 bmdma 0xd008 irq 15
[    1.676974] libphy: Fixed MDIO Bus: probed
[    1.679279] tun: Universal TUN/TAP device driver, 1.6
[    1.681874] tun: (C) 1999-2004 Max Krasnyansky <maxk@qualcomm.com>
[    1.684978] PPP generic driver version 2.4.2
[    1.687446] ehci_hcd: USB 2.0 'Enhanced' Host Controller (EHCI) Driver
[    1.690520] ehci-pci: EHCI PCI platform driver
[    1.692842] ehci-platform: EHCI generic platform driver
[    1.695488] ohci_hcd: USB 1.1 'Open' Host Controller (OHCI) Driver
[    1.698395] ohci-pci: OHCI PCI platform driver
[    1.700743] ohci-platform: OHCI generic platform driver
[    1.703337] uhci_hcd: USB Universal Host Controller Interface driver
[    1.706454] i8042: PNP: PS/2 Controller [PNP0303:PS2K,PNP0f03:PS2M] at 0x60,0x64 irq 1,12
[    1.711637] serio: i8042 KBD port at 0x60,0x64 irq 1
[    1.714133] serio: i8042 AUX port at 0x60,0x64 irq 12
[    1.717099] mousedev: PS/2 mouse device common for all mice
[    1.720522] input: AT Translated Set 2 keyboard as /devices/platform/i8042/serio0/input/input2
[    1.725856] rtc_cmos rtc_cmos: rtc core: registered rtc_cmos as rtc0
[    1.729286] rtc_cmos rtc_cmos: alarms up to one day, 114 bytes nvram
[    1.732423] i2c /dev entries driver
[    1.734518] device-mapper: uevent: version 1.0.3
[    1.737162] device-mapper: ioctl: 4.34.0-ioctl (2015-10-28) initialised: dm-devel@redhat.com
[    1.741625] ledtrig-cpu: registered to indicate activity on CPUs
[    1.745063] NET: Registered protocol family 10
[    1.747704] NET: Registered protocol family 17
[    1.750095] Key type dns_resolver registered
[    1.752975] registered taskstats version 1
[    1.755249] Loading compiled-in X.509 certificates
[    1.758758] Loaded X.509 cert 'Build time autogenerated kernel key: cf00e047681d67edb2720680708b7d9498083038'
[    1.763616] zswap: loaded using pool lzo/zbud
[    1.769218] Key type trusted registered
[    1.777660] Key type encrypted registered
[    1.779865] AppArmor: AppArmor sha1 policy hashing enabled
[    1.782584] ima: No TPM chip found, activating TPM-bypass!
[    1.785317] ima: Allocated hash algorithm: sha1
[    1.787679] evm: HMAC attrs: 0x1
[    1.790700]   Magic number: 15:519:327
[    1.792993] rtc_cmos rtc_cmos: setting system clock to 2023-11-14 11:19:10 UTC (1699960750)
[    1.797644] BIOS EDD facility v0.16 2004-Jun-25, 0 devices found
[    1.800512] EDD information not available.
[    1.860237] Freeing unused kernel memory: 1492K
[    1.862882] Write protecting the kernel read-only data: 14336k
[    1.866438] Freeing unused kernel memory: 1584K
[    1.869046] Freeing unused kernel memory: 52K
Loading, please wait...
starting version 229
[    1.894395] random: systemd-udevd: uninitialized urandom read (16 bytes read, 5 bits of entropy available)
[    1.895341] random: udevadm: uninitialized urandom read (16 bytes read, 5 bits of entropy available)
[    1.895391] random: udevadm: uninitialized urandom read (16 bytes read, 5 bits of entropy available)
[    1.909621] random: systemd-udevd: uninitialized urandom read (16 bytes read, 5 bits of entropy available)
[    1.914730] random: systemd-udevd: uninitialized urandom read (16 bytes read, 5 bits of entropy available)
[    1.919912] random: systemd-udevd: uninitialized urandom read (16 bytes read, 5 bits of entropy available)
[    1.922019] random: udevadm: uninitialized urandom read (16 bytes read, 5 bits of entropy available)
[    1.922120] random: udevadm: uninitialized urandom read (16 bytes read, 5 bits of entropy available)
[    1.922492] random: udevadm: uninitialized urandom read (16 bytes read, 5 bits of entropy available)
[    1.922642] random: udevadm: uninitialized urandom read (16 bytes read, 5 bits of entropy available)
[    2.045784] Fusion MPT base driver 3.04.20
[    2.048248] Copyright (c) 1999-2008 LSI Corporation
[    2.052248] e1000: Intel(R) PRO/1000 Network Driver - version 7.3.21-k8-NAPI
[    2.055622] e1000: Copyright (c) 1999-2006 Intel Corporation.
[    2.086948] Fusion MPT SPI Host driver 3.04.20
[    2.104656] SSE version of gcm_enc/dec engaged.
[    2.277076] input: ImExPS/2 Generic Explorer Mouse as /devices/platform/i8042/serio1/input/input4
[    2.540700] e1000 0000:00:03.0 eth0: (PCI:33MHz:32-bit) 02:be:82:6b:cc:1d
[    2.544226] e1000 0000:00:03.0 eth0: Intel(R) PRO/1000 Network Connection
[    2.548689] mptbase: ioc0: Initiating bringup
[    2.621794] ioc0: LSI53C1030 A0: Capabilities={Initiator}
[    2.788487] scsi host2: ioc0: LSI53C1030 A0, FwRev=00000000h, Ports=1, MaxQ=256, IRQ=20
[    2.903699] scsi 2:0:0:0: Direct-Access     VBOX     HARDDISK         1.0  PQ: 0 ANSI: 5
[    2.914346] scsi target2:0:0: Beginning Domain Validation
[    2.918698] scsi target2:0:0: Domain Validation skipping write tests
[    2.921858] scsi target2:0:0: Ending Domain Validation
[    2.924511] scsi target2:0:0: asynchronous
[    2.927603] scsi 2:0:1:0: Direct-Access     VBOX     HARDDISK         1.0  PQ: 0 ANSI: 5
[    2.931891] scsi target2:0:1: Beginning Domain Validation
[    2.936520] scsi target2:0:1: Domain Validation skipping write tests
[    2.939676] scsi target2:0:1: Ending Domain Validation
[    2.942485] scsi target2:0:1: asynchronous
[    2.962944] sd 2:0:0:0: Attached scsi generic sg0 type 0
[    2.966866] sd 2:0:1:0: Attached scsi generic sg1 type 0
[    2.970047] sd 2:0:0:0: [sda] 83886080 512-byte logical blocks: (42.9 GB/40.0 GiB)
[    2.974349] sd 2:0:1:0: [sdb] 20480 512-byte logical blocks: (10.5 MB/10.0 MiB)
[    3.010913] sd 2:0:0:0: [sda] Write Protect is off
[    3.013627] sd 2:0:1:0: [sdb] Write Protect is off
[    3.016487] sd 2:0:0:0: [sda] Incomplete mode parameter data
[    3.019525] sd 2:0:0:0: [sda] Assuming drive cache: write through
[    3.022653] sd 2:0:1:0: [sdb] Incomplete mode parameter data
[    3.025725] sd 2:0:1:0: [sdb] Assuming drive cache: write through
[    3.030974]  sda: sda1
[    3.034029] sd 2:0:0:0: [sda] Attached SCSI disk
[    3.066052] sd 2:0:1:0: [sdb] Attached SCSI disk
[    3.355879] e1000 0000:00:08.0 eth1: (PCI:33MHz:32-bit) 08:00:27:b3:4c:87
[    3.359284] e1000 0000:00:08.0 eth1: Intel(R) PRO/1000 Network Connection
[    3.807981] e1000 0000:00:09.0 eth2: (PCI:33MHz:32-bit) 08:00:27:3d:8d:cf
[    3.811558] e1000 0000:00:09.0 eth2: Intel(R) PRO/1000 Network Connection
[    4.255872] e1000 0000:00:0a.0 eth3: (PCI:33MHz:32-bit) 08:00:27:c1:49:e2
[    4.259525] e1000 0000:00:0a.0 eth3: Intel(R) PRO/1000 Network Connection
[    4.703825] e1000 0000:00:10.0 eth4: (PCI:33MHz:32-bit) 08:00:27:b6:19:d5
[    4.707349] e1000 0000:00:10.0 eth4: Intel(R) PRO/1000 Network Connection
[    5.167818] e1000 0000:00:11.0 eth5: (PCI:33MHz:32-bit) 08:00:27:1a:7f:03
[    5.171190] e1000 0000:00:11.0 eth5: Intel(R) PRO/1000 Network Connection
[    5.176537] e1000 0000:00:03.0 enp0s3: renamed from eth0
[    5.198116] e1000 0000:00:09.0 enp0s9: renamed from eth2
[    5.214156] e1000 0000:00:10.0 enp0s16: renamed from eth4
[    5.226151] e1000 0000:00:11.0 enp0s17: renamed from eth5
[    5.242146] e1000 0000:00:08.0 enp0s8: renamed from eth1
[    5.253902] e1000 0000:00:0a.0 enp0s10: renamed from eth3
Begin: Loading essential drivers ... [    7.194983] md: linear personality registered for level -1
[    7.202241] md: multipath personality registered for level -4
[    7.209512] md: raid0 personality registered for level 0
[    7.219248] md: raid1 personality registered for level 1
[    7.293377] raid6: sse2x1   gen()  6088 MB/s
[    7.361327] raid6: sse2x1   xor()  3872 MB/s
[    7.429314] raid6: sse2x2   gen()  6766 MB/s
[    7.501283] raid6: sse2x2   xor()  4479 MB/s
[    7.573350] raid6: sse2x4   gen()  7971 MB/s
[    7.641305] raid6: sse2x4   xor()  2339 MB/s
[    7.643688] raid6: using algorithm sse2x4 gen() 7971 MB/s
[    7.646346] raid6: .... xor() 2339 MB/s, rmw enabled
[    7.648882] raid6: using ssse3x2 recovery algorithm
[    7.653218] xor: measuring software checksum speed
[    7.741272]    prefetch64-sse: 38415.000 MB/sec
[    7.817346]    generic_sse:  8597.000 MB/sec
[    7.819795] xor: using function: prefetch64-sse (38415.000 MB/sec)
[    7.825021] async_tx: api initialized (async)
[    7.842048] md: raid6 personality registered for level 6
[    7.844874] md: raid5 personality registered for level 5
[    7.847565] md: raid4 personality registered for level 4
[    7.861700] md: raid10 personality registered for level 10
done.
Begin: Running /scripts/init-premount ... done.
Begin: Mounting root file system ... Begin: Running /scripts/local-top ... done.
Begin: Running /scripts/local-premount ... [    7.916107] Btrfs loaded
Scanning for Btrfs filesystems
done.
Warning: fsck not present, so skipping root file system
[    8.051098] EXT4-fs (sda1): mounted filesystem with ordered data mode. Opts: (null)
done.
Begin: Running /scripts/local-bottom ... done.
Begin: Running /scripts/init-bottom ... done.
[    8.802726] systemd[1]: systemd 229 running in system mode. (+PAM +AUDIT +SELINUX +IMA +APPARMOR +SMACK +SYSVINIT +UTMP +LIBCRYPTSETUP +GCRYPT +GNUTLS +ACL +XZ -LZ4 +SECCOMP +BLKID +ELFUTILS +KMOD -IDN)
[    8.812586] systemd[1]: Detected virtualization oracle.
[    8.815387] systemd[1]: Detected architecture x86-64.

Welcome to [1mUbuntu 16.04.7 LTS[0m!

[    8.889525] systemd[1]: Set hostname to <ubuntu>.
[    8.910013] systemd[1]: Initializing machine ID from random generator.
[    8.913292] systemd[1]: Installed transient /etc/machine-id file.
[    8.936013] random: nonblocking pool is initialized
[    9.577011] systemd[1]: Listening on Journal Audit Socket.
[[0;32m  OK  [0m] Listening on Journal Audit Socket.
[    9.584958] systemd[1]: Listening on Journal Socket (/dev/log).
[[0;32m  OK  [0m] Listening on Journal Socket (/dev/log).
[    9.597950] systemd[1]: Listening on LVM2 poll daemon socket.
[[0;32m  OK  [0m] Listening on LVM2 poll daemon socket.
[    9.604575] systemd[1]: Started Trigger resolvconf update for networkd DNS.
[[0;32m  OK  [0m] Started Trigger resolvconf update for networkd DNS.
[    9.611377] systemd[1]: Listening on Syslog Socket.
[[0;32m  OK  [0m] Listening on Syslog Socket.
[    9.616394] systemd[1]: Listening on udev Control Socket.
[[0;32m  OK  [0m] Listening on udev Control Socket.
[    9.621845] systemd[1]: Created slice System Slice.
[[0;32m  OK  [0m] Created slice System Slice.
[    9.633709] systemd[1]: Reached target User and Group Name Lookups.
[[0;32m  OK  [0m] Reached target User and Group Name Lookups.
[    9.638692] systemd[1]: Listening on udev Kernel Socket.
[[0;32m  OK  [0m] Listening on udev Kernel Socket.
[    9.643162] systemd[1]: Listening on LVM2 metadata daemon socket.
[[0;32m  OK  [0m] Listening on LVM2 metadata daemon socket.
[    9.647867] systemd[1]: Reached target Swap.
[[0;32m  OK  [0m] Reached target Swap.
[    9.651839] systemd[1]: Listening on fsck to fsckd communication Socket.
[[0;32m  OK  [0m] Listening on fsck to fsckd communication Socket.
[    9.658033] systemd[1]: Listening on Journal Socket.
[[0;32m  OK  [0m] Listening on Journal Socket.
[    9.678036] systemd[1]: Starting Load Kernel Modules...
         Starting Load Kernel Modules...
[    9.684194] systemd[1]: Starting Set console keymap...
         Starting Set console keymap...
[    9.690786] systemd[1]: Starting Journal Service...
         Starting Journal Service...
[    9.697061] systemd[1]: Starting Create list of required static device nodes for the current kernel...
         Starting Create list of required st... nodes for the current kernel...
[    9.706563] systemd[1]: Starting Nameserver information manager...
         Starting Nameserver information manager...
[    9.719042] systemd[1]: Starting Uncomplicated firewall...
         Starting Uncomplicated firewall...
[    9.730993] systemd[1]: Mounting POSIX Message Queue File System...
         Mounting POSIX Message Queue File System...
[    9.737080] systemd[1]: Started Forward Password Requests to Wall Directory Watch.
[[0;32m  OK  [0m] Started Forward Password Requests to Wall Directory Watch.
[    9.743193] Loading iSCSI transport class v2.0-870.
[    9.744899] systemd[1]: Reached target System Time Synchronized.
[[0;32m  OK  [0m] Reached target System Time Synchronized.
[    9.750688] systemd[1]: Listening on /dev/initctl Compatibility Named Pipe.
[[0;32m  OK  [0m] Listening on /dev/initctl Compatibility Named Pipe.
[    9.774940] systemd[1]: Starting File System Check on Root Device...
         Starting File System Check on Root Device...
[    9.796990] systemd[1]: Listening on Device-mapper event daemon FIFOs.
[[0;32m  OK  [0m] Listening on Device-mapper event daemon FIFOs.
[    9.805679] systemd[1]: Starting Monitoring of LVM2 mirrors, snapshots etc. using dmeventd or progress polling...
[    9.811174] iscsi: registered transport (tcp)
         Starting Monitoring of LVM2 mirrors... dmeventd or progress polling...
[    9.818319] systemd[1]: Created slice system-serial\x2dgetty.slice.
[[0;32m  OK  [0m] Created slice system-serial\x2dgetty.slice.
[    9.834961] systemd[1]: Created slice User and Session Slice.
[[0;32m  OK  [0m] Created slice User and Session Slice.
[    9.842648] systemd[1]: Reached target Slices.
[[0;32m  OK  [0m] Reached target Slices.
[    9.869554] systemd[1]: Mounting Debug File System...
         Mounting Debug File System...
[    9.880005] systemd[1]: Set up automount Arbitrary Executable File Formats File System Automount Point.
[[0;32m  OK  [0m] Set up automount Arbitrary Executab...ats File System Automount Point.
[    9.901760] systemd[1]: Mounting Huge Pages File System...
         Mounting Huge Pages File System...
[    9.906594] systemd[1]: Reached target Encrypted Volumes.
[[0;32m  OK  [0m] Reached target Encrypted Volumes.
[    9.919661] systemd[1]: Mounted Huge Pages File System.
[[0;32m  OK  [0m] Mounted Huge Pages File System.
[    9.929601] systemd[1]: Mounted POSIX Message Queue File System.
[[0;32m  OK  [0m] Mounted POSIX Message Queue File System.
[    9.938118] systemd[1]: Mounted Debug File System.
[[0;32m  OK  [0m] Mounted Debug File System.
[    9.947252] systemd[1]: Started Journal Service.
[[0;32m  OK  [0m] Started Journal Service.
[[0;32m  OK  [0m] Started Set console keymap.
[[0;32m  OK  [0m] Started Create list of required sta...ce nodes for the current kernel.
[[0;32m  OK  [0m] Started Uncomplicated firewall.
[[0;32m  OK  [0m] Started File System Check on Root Device.
[    9.990938] iscsi: registered transport (iser)
[[0;32m  OK  [0m] Started Load Kernel Modules.
[[0;32m  OK  [0m] Started Nameserver information manager.
[[0;32m  OK  [0m] Started LVM2 metadata daemon.
[[0;32m  OK  [0m] Started File System Check Daemon to report status.
         Mounting FUSE Control File System...
         Starting Apply Kernel Variables...
         Starting Remount Root and Kernel File Systems...
         Starting Create Static Device Nodes in /dev...
[[0;32m  OK  [0m] Mounted FUSE Control File System.
[   10.047559] EXT4-fs (sda1): re-mounted. Opts: (null)
[[0;32m  OK  [0m] Started Remount Root and Kernel File Systems.
         Starting Load/Save Random Seed...
         Starting Flush Journal to Persistent Storage...
         Starting udev Coldplug all Devices...
[[0;32m  OK  [0m] Started Apply Kernel Variables.
[[0;32m  OK  [0m] Started Load/Save Random Seed.
[[0;32m  OK  [0m] Started Flush Journal to Persistent Storage.
[[0;32m  OK  [0m] Started Create Static Device Nodes in /dev.
         Starting udev Kernel Device Manager...
[[0;32m  OK  [0m] Started udev Coldplug all Devices.
[[0;32m  OK  [0m] Started udev Kernel Device Manager.
[[0;32m  OK  [0m] Started Dispatch Password Requests to Console Directory Watch.
[[0;32m  OK  [0m] Started Monitoring of LVM2 mirrors,...ng dmeventd or progress polling.
[[0;32m  OK  [0m] Reached target Local File Systems (Pre).
[[0;32m  OK  [0m] Reached target Local File Systems.
         Starting Set console font and keymap...
         Starting LSB: AppArmor initialization...
         Starting Commit a transient machine-id on disk...
         Starting Initial cloud-init job (pre-networking)...
         Starting Create Volatile Files and Directories...
         Starting Tell Plymouth To Write Out Runtime Data...
[[0;32m  OK  [0m] Started Create Volatile Files and Directories.
         Starting Update UTMP about System Boot/Shutdown...
[[0;32m  OK  [0m] Started Commit a transient machine-id on disk.
[[0;32m  OK  [0m] Started Update UTMP about System Boot/Shutdown.
[[0;32m  OK  [0m] Started Tell Plymouth To Write Out Runtime Data.
[[0;32m  OK  [0m] Found device /dev/ttyS0.
[[0;32m  OK  [0m] Listening on Load/Save RF Kill Switch Status /dev/rfkill Watch.
[[0;32m  OK  [0m] Started LSB: AppArmor initialization.
         Starting Load AppArmor profiles managed internally by snapd...
[[0;32m  OK  [0m] Started Load AppArmor profiles managed internally by snapd.
[[0;32m  OK  [0m] Started Set console font and keymap.
[[0;32m  OK  [0m] Created slice system-getty.slice.
[   13.521249] cloud-init[509]: Cloud-init v. 21.1-19-gbad84ad4-0ubuntu1~16.04.2 running 'init-local' at Tue, 14 Nov 2023 11:19:22 +0000. Up 12.86 seconds.
[[0;32m  OK  [0m] Started Initial cloud-init job (pre-networking).
[[0;32m  OK  [0m] Reached target Network (Pre).
         Starting Raise network interfaces...
[[0;32m  OK  [0m] Started Raise network interfaces.
         Starting Initial cloud-init job (metadata service crawler)...
[[0;32m  OK  [0m] Reached target Network.
[   16.453955] cloud-init[1023]: Cloud-init v. 21.1-19-gbad84ad4-0ubuntu1~16.04.2 running 'init' at Tue, 14 Nov 2023 11:19:23 +0000. Up 14.59 seconds.
[   16.457173] cloud-init[1023]: ci-info: +++++++++++++++++++++++++++++++++++++++Net device info+++++++++++++++++++++++++++++++++++++++
[   16.460396] cloud-init[1023]: ci-info: +---------+-------+----------------------------+---------------+--------+-------------------+
[   16.463333] cloud-init[1023]: ci-info: |  Device |   Up  |          Address           |      Mask     | Scope  |     Hw-Address    |
[   16.466792] cloud-init[1023]: ci-info: +---------+-------+----------------------------+---------------+--------+-------------------+
[   16.470236] cloud-init[1023]: ci-info: | enp0s10 | False |             .              |       .       |   .    | 08:00:27:c1:49:e2 |
[   16.473768] cloud-init[1023]: ci-info: | enp0s16 | False |             .              |       .       |   .    | 08:00:27:b6:19:d5 |
[   16.477264] cloud-init[1023]: ci-info: | enp0s17 | False |             .              |       .       |   .    | 08:00:27:1a:7f:03 |
[   16.480752] cloud-init[1023]: ci-info: |  enp0s3 |  True |         10.0.2.15          | 255.255.255.0 | global | 02:be:82:6b:cc:1d |
[   16.484264] cloud-init[1023]: ci-info: |  enp0s3 |  True | fe80::be:82ff:fe6b:cc1d/64 |       .       |  link  | 02:be:82:6b:cc:1d |
[   16.487099] cloud-init[1023]: ci-info: |  enp0s8 | False |             .              |       .       |   .    | 08:00:27:b3:4c:87 |
[   16.490417] cloud-init[1023]: ci-info: |  enp0s9 | False |             .              |       .       |   .    | 08:00:27:3d:8d:cf |
[   16.493896] cloud-init[1023]: ci-info: |    lo   |  True |         127.0.0.1          |   255.0.0.0   |  host  |         .         |
[   16.497363] cloud-init[1023]: ci-info: |    lo   |  True |          ::1/128           |       .       |  host  |         .         |
[   16.500778] cloud-init[1023]: ci-info: +---------+-------+----------------------------+---------------+--------+-------------------+
[   16.504292] cloud-init[1023]: ci-info: +++++++++++++++++++++++++++Route IPv4 info++++++++++++++++++++++++++++
[   16.506601] cloud-init[1023]: ci-info: +-------+-------------+----------+---------------+-----------+-------+
[   16.509683] cloud-init[1023]: ci-info: | Route | Destination | Gateway  |    Genmask    | Interface | Flags |
[   16.512667] cloud-init[1023]: ci-info: +-------+-------------+----------+---------------+-----------+-------+
[   16.515617] cloud-init[1023]: ci-info: |   0   |   0.0.0.0   | 10.0.2.2 |    0.0.0.0    |   enp0s3  |   UG  |
[   16.518021] cloud-init[1023]: ci-info: |   1   |   10.0.2.0  | 0.0.0.0  | 255.255.255.0 |   enp0s3  |   U   |
[   16.521054] cloud-init[1023]: ci-info: +-------+-------------+----------+---------------+-----------+-------+
[   16.528887] cloud-init[1023]: ci-info: +++++++++++++++++++Route IPv6 info+++++++++++++++++++
[   16.536942] cloud-init[1023]: ci-info: +-------+-------------+---------+-----------+-------+
[   16.544921] cloud-init[1023]: ci-info: | Route | Destination | Gateway | Interface | Flags |
[   16.547240] cloud-init[1023]: ci-info: +-------+-------------+---------+-----------+-------+
[   16.549932] cloud-init[1023]: ci-info: |   0   |  fe80::/64  |    ::   |   enp0s3  |   U   |
[   16.560866] cloud-init[1023]: ci-info: |   3   |   ff00::/8  |    ::   |   enp0s3  |   U   |
[   16.563073] cloud-init[1023]: ci-info: +-------+-------------+---------+-----------+-------+
[   16.565840] cloud-init[1023]: Generating public/private rsa key pair.
[   16.568190] cloud-init[1023]: Your identification has been saved in /etc/ssh/ssh_host_rsa_key.
[   16.570295] cloud-init[1023]: Your public key has been saved in /etc/ssh/ssh_host_rsa_key.pub.
[   16.573008] cloud-init[1023]: The key fingerprint is:
[   16.574660] cloud-init[1023]: SHA256:1ncWgn2nYM/BzlVosVpDwVdAzoZcpmeBceY6GloEOo4 root@ubuntu-xenial
[   16.577251] cloud-init[1023]: The key's randomart image is:
[   16.579243] cloud-init[1023]: +---[RSA 2048]----+
[   16.580941] cloud-init[1023]: |        .   .=%=+|
[   16.588920] cloud-init[1023]: |       . . +.&+oo|
[   16.596845] cloud-init[1023]: |      o   o O./.o|
[   16.604909] cloud-init[1023]: |     o . o . / B |
[   16.606668] cloud-init[1023]: |    E . S + = O  |
[   16.612856] cloud-init[1023]: |       . o + +   |
[   16.614574] cloud-init[1023]: |        . .      |
[   16.616377] cloud-init[1023]: |                 |
[   16.618077] cloud-init[1023]: |                 |
[   16.624861] cloud-init[1023]: +----[SHA256]-----+
[   16.632983] cloud-init[1023]: Generating public/private dsa key pair.
[[0;32m  OK  [0m] Started Initial cloud-init job (metadata service crawler).
[   16.633304] cloud-init[1023]: Your identification has been saved in /etc/ssh/ssh_host_dsa_key.
[   16.633869] cloud-init[1023]: Your public key has been saved in /etc/ssh/ssh_host_dsa_key.pub.
[   16.634444] cloud-init[1023]: The key fingerprint is:
[   16.635193] cloud-init[1023]: SHA256:ueeWsNs5LlvrQuyOP02pzXrh1+5JKOvDY9I6z+QMDDg root@ubuntu-xenial
[   16.635754] cloud-init[1023]: The key's randomart image is:
[   16.636945] cloud-init[1023]: +---[DSA 1024]----+
[   16.637504] cloud-init[1023]: |                 |
[   16.638092] cloud-init[1023]: |                 |
[   16.638673] cloud-init[1023]: |                 |
[   16.639233] cloud-init[1023]: |     .   .       |
[   16.639856] cloud-init[1023]: |    E ..S  .     |
[   16.641020] cloud-init[1023]: |     . o+.+  .   |
[   16.641599] cloud-init[1023]: |       o+%=o...  |
[   16.642160] cloud-init[1023]: |       .X@/=.... |
[   16.642730] cloud-init[1023]: |      .oB^#= o+  |
[   16.643323] cloud-init[1023]: +----[SHA256]-----+
[   16.643912] cloud-init[1023]: Generating public/private ecdsa key pair.
[   16.644468] cloud-init[1023]: Your identification has been saved in /etc/ssh/ssh_host_ecdsa_key.
[   16.645054] cloud-init[1023]: Your public key has been saved in /etc/ssh/ssh_host_ecdsa_key.pub.
[   16.645611] cloud-init[1023]: The key fingerprint is:
[   16.646192] cloud-init[1023]: SHA256:jPtOQhhGS4uNnWQttKtFnih1ditzwcwblNCokWUPbUo root@ubuntu-xenial
[   16.646754] cloud-init[1023]: The key's randomart image is:
[   16.647332] cloud-init[1023]: +---[ECDSA 256]---+
[   16.648016] cloud-init[1023]: |   +@*..         |
[   16.648797] cloud-init[1023]: |  o@E%*          |
[   16.649383] cloud-init[1023]: |  ++&+O          |
[   16.649953] cloud-init[1023]: | ..B.* B         |
[   16.650541] cloud-init[1023]: |. . O * S        |
[   16.651123] cloud-init[1023]: | . o = .         |
[   16.651702] cloud-init[1023]: |  .   o .        |
[   16.652878] cloud-init[1023]: |       +         |
[   16.653483] cloud-init[1023]: |       .o        |
[   16.654045] cloud-init[1023]: +----[SHA256]-----+
[   16.654625] cloud-init[1023]: Generating public/private ed25519 key pair.
[   16.655199] cloud-init[1023]: Your identification has been saved in /etc/ssh/ssh_host_ed25519_key.
[   16.655708] cloud-init[1023]: Your public key has been saved in /etc/ssh/ssh_host_ed25519_key.pub.
[   16.656962] cloud-init[1023]: The key fingerprint is:
[   16.657540] cloud-init[1023]: SHA256:je+OFWk9zW5/RLqKDx+HPkQ9a/5g5Y+pD5MqbQm/xjs root@ubuntu-xenial
[   16.658163] cloud-init[1023]: The key's randomart image is:
[   16.658682] cloud-init[1023]: +--[ED25519 256]--+
[   16.685072] cloud-init[1023]: |                 |
[   16.685544] cloud-init[1023]: |                 |
[   16.686111] cloud-init[1023]: |             .   |
[   16.686665] cloud-init[1023]: |         o o.oo .|
[   16.687293] cloud-init[1023]: |        S =.o o=.|
[   16.687880] cloud-init[1023]: |        .o ..=+o.|
[   16.689046] cloud-init[1023]: |         =+o*o*o.|
[   16.689624] cloud-init[1023]: |        .+E*.Bo=o|
[   16.690274] cloud-init[1023]: |        .=B=*=+.=|
[   16.690829] cloud-init[1023]: +----[SHA256]-----+
[[0;32m  OK  [0m] Reached target System Initialization.
[[0;32m  OK  [0m] Started Daily apt download activities.
[[0;32m  OK  [0m] Started Daily apt upgrade and clean activities.
[[0;32m  OK  [0m] Started Daily Cleanup of Temporary Directories.
[[0;32m  OK  [0m] Started ACPI Events Check.
[[0;32m  OK  [0m] Reached target Paths.
[[0;32m  OK  [0m] Started Message of the Day.
[[0;32m  OK  [0m] Listening on D-Bus System Message Bus Socket.
         Starting Socket activation for snappy daemon.
[[0;32m  OK  [0m] Started Ubuntu Advantage update messaging.
[[0;32m  OK  [0m] Reached target Timers.
         Starting LXD - unix socket.
[[0;32m  OK  [0m] Listening on ACPID Listen Socket.
[[0;32m  OK  [0m] Listening on UUID daemon activation socket.
[[0;32m  OK  [0m] Reached target Network is Online.
         Starting iSCSI initiator daemon (iscsid)...
[[0;32m  OK  [0m] Reached target Cloud-config availability.
[[0;32m  OK  [0m] Listening on Socket activation for snappy daemon.
[[0;32m  OK  [0m] Listening on LXD - unix socket.
[[0;32m  OK  [0m] Reached target Sockets.
[[0;32m  OK  [0m] Reached target Basic System.
[[0;32m  OK  [0m] Started Deferred execution scheduler.
[[0;32m  OK  [0m] Started Regular background program processing daemon.
         Starting Virtualbox guest utils...
[[0;32m  OK  [0m] Started ACPI event daemon.
         Starting Accounts Service...
         Starting LSB: Record successful boot for GRUB...
[[0;32m  OK  [0m] Started D-Bus System Message Bus.
         Starting LSB: MD monitoring daemon...
         Starting LXD - container startup/shutdown...
[[0;32m  OK  [0m] Started FUSE filesystem for LXC.
         Starting Pollinate to seed the pseudo random number generator...
         Starting /etc/rc.local Compatibility...
         Starting Snap Daemon...
         Starting Login Service...
         Starting System Logging Service...
[[0;32m  OK  [0m] Started /etc/rc.local Compatibility.
         Starting Authenticate and Authorize Users to Run Privileged Tasks...
[[0;32m  OK  [0m] Started iSCSI initiator daemon (iscsid).
         Starting Login to default iSCSI targets...
[[0;32m  OK  [0m] Started Login Service.
[[0;32m  OK  [0m] Started Unattended Upgrades Shutdown.
[[0;32m  OK  [0m] Started LSB: MD monitoring daemon.
[[0;32m  OK  [0m] Started System Logging Service.
[[0;32m  OK  [0m] Started LSB: Record successful boot for GRUB.
[[0;32m  OK  [0m] Started Login to default iSCSI targets.
[[0;32m  OK  [0m] Reached target Remote File Systems (Pre).
[[0;32m  OK  [0m] Reached target Remote File Systems.
         Starting LSB: automatic crash report generation...
         Starting Permit User Sessions...
         Starting LSB: daemon to balance interrupts for SMP systems...
         Starting LSB: Set the CPU Frequency Scaling governor to "ondemand"...
[[0;32m  OK  [0m] Started LSB: Set the CPU Frequency Scaling governor to "ondemand".
[[0;32m  OK  [0m] Started Authenticate and Authorize Users to Run Privileged Tasks.
[[0;32m  OK  [0m] Started Accounts Service.
[[0;32m  OK  [0m] Started Permit User Sessions.
         Starting Terminate Plymouth Boot Screen...
         Starting Hold until boot process finishes up...
[[0;32m  OK  [0m] Started Terminate Plymouth Boot Screen.
[[0;32m  OK  [0m] Started Hold until boot process finishes up.
[[0;32m  OK  [0m] Started Serial Getty on ttyS0.
[[0;32m  OK  [0m] Started Getty on tty1.
[[0;32m  OK  [0m] Reached target Login Prompts.
         Starting Set console scheme...
[[0;32m  OK  [0m] Started LSB: automatic crash report generation.
[[0;32m  OK  [0m] Started LSB: daemon to balance interrupts for SMP systems.
[[0;32m  OK  [0m] Started Set console scheme.
[[0;32m  OK  [0m] Started Virtualbox guest utils.
[[0;32m  OK  [0m] Started LXD - container startup/shutdown.
[[0;32m  OK  [0m] Started Snap Daemon.
         Starting Wait until snapd is fully seeded...
[[0;32m  OK  [0m] Started Pollinate to seed the pseudo random number generator.
         Starting OpenBSD Secure Shell server...
[[0;32m  OK  [0m] Started OpenBSD Secure Shell server.
[[0;32m  OK  [0m] Created slice User Slice of vagrant.
         Starting User Manager for UID 1000...
[[0;32m  OK  [0m] Started Session 1 of user vagrant.
[[0;32m  OK  [0m] Started User Manager for UID 1000.
[[0;32m  OK  [0m] Started Wait until snapd is fully seeded.
         Starting Apply the settings specified in cloud-config...
[[0;32m  OK  [0m] Reached target Multi-User System.
[[0;32m  OK  [0m] Reached target Graphical Interface.
         Starting Update UTMP about System Runlevel Changes...
[[0;32m  OK  [0m] Started Update UTMP about System Runlevel Changes.
[   24.294798] cloud-init[1451]: Generating locales (this might take a while)...

Ubuntu 16.04.7 LTS ubuntu-xenial ttyS0

ubuntu-xenial login: [   26.364790] cloud-init[1451]:   en_US.UTF-8... done
[   26.366510] cloud-init[1451]: Generation complete.
[   28.531079] cloud-init[1451]: Cloud-init v. 21.1-19-gbad84ad4-0ubuntu1~16.04.2 running 'modules:config' at Tue, 14 Nov 2023 11:19:33 +0000. Up 23.85 seconds.
ci-info: no authorized SSH keys fingerprints found for user ubuntu.
<14>Nov 14 11:19:38 ec2: 
<14>Nov 14 11:19:38 ec2: #############################################################
<14>Nov 14 11:19:38 ec2: -----BEGIN SSH HOST KEY FINGERPRINTS-----
<14>Nov 14 11:19:38 ec2: 1024 SHA256:ueeWsNs5LlvrQuyOP02pzXrh1+5JKOvDY9I6z+QMDDg root@ubuntu-xenial (DSA)
<14>Nov 14 11:19:38 ec2: 256 SHA256:jPtOQhhGS4uNnWQttKtFnih1ditzwcwblNCokWUPbUo root@ubuntu-xenial (ECDSA)
<14>Nov 14 11:19:38 ec2: 256 SHA256:je+OFWk9zW5/RLqKDx+HPkQ9a/5g5Y+pD5MqbQm/xjs root@ubuntu-xenial (ED25519)
<14>Nov 14 11:19:38 ec2: 2048 SHA256:1ncWgn2nYM/BzlVosVpDwVdAzoZcpmeBceY6GloEOo4 root@ubuntu-xenial (RSA)
<14>Nov 14 11:19:38 ec2: -----END SSH HOST KEY FINGERPRINTS-----
<14>Nov 14 11:19:38 ec2: #############################################################
-----BEGIN SSH HOST KEY KEYS-----
ecdsa-sha2-nistp256 AAAAE2VjZHNhLXNoYTItbmlzdHAyNTYAAAAIbmlzdHAyNTYAAABBBEuPfdxW+DQVpfdsyKYMoxSyRCfIWby6kdk+CdyxW+lA+YMdA27rjScaF72ka8//FNjuVbeaX6ZtYo/Kj/XtpAo= root@ubuntu-xenial
ssh-ed25519 AAAAC3NzaC1lZDI1NTE5AAAAIAjcu1if87PUQ8otd5MBzMjwqTnVXP654tdMzjLryaW1 root@ubuntu-xenial
ssh-rsa AAAAB3NzaC1yc2EAAAADAQABAAABAQC5PZDrLL2/Zc84yuGukJosXboQ7kEskXl2A3GWeyncR1vEmJkz4FrBqjySnBy7v9swPP9e0paLrPWeIF9xHlH6VgNg6KcWBIOPsWtqxV0AoKQjBcvEe88wRhl2IYKTwoK3KtW5BQ141xVhVbrxaH6S7CuiCTNAeErBWEVvqmUU9/c9Mi7uYulCBUKUHpyySoLssT9+PcNA5AWB5nH7rtNS2ZFDhntjxKzammupaeYo6+UHn5vD3Yh9xqhqamLl7WbLl/xhIwnkW3jxRgsOPbj0U4vKSxeqFV8QYuY10w3rcb1weJWDmP1WA2zqTgZhswTQoDYyOKtK0i9qQ3u/9eIR root@ubuntu-xenial
-----END SSH HOST KEY KEYS-----
[   29.573660] cloud-init[1657]: Cloud-init v. 21.1-19-gbad84ad4-0ubuntu1~16.04.2 running 'modules:final' at Tue, 14 Nov 2023 11:19:38 +0000. Up 29.14 seconds.
[   29.574215] cloud-init[1657]: ci-info: no authorized SSH keys fingerprints found for user ubuntu.
[   29.574536] cloud-init[1657]: Cloud-init v. 21.1-19-gbad84ad4-0ubuntu1~16.04.2 finished at Tue, 14 Nov 2023 11:19:38 +0000. Datasource DataSourceNoCloud [seed=/dev/sdb][dsmode=net].  Up 29.54 seconds
         Stopping User Manager for UID 1000...
[[0;32m  OK  [0m] Closed Load/Save RF Kill Switch Status /dev/rfkill Watch.
         Unmounting /var/lib/lxcfs...
         Stopping Session 4 of user vagrant.
[[0;32m  OK  [0m] Stopped target Cloud-init target.
         Stopping Authenticate and Authorize Users to Run Privileged Tasks...
[[0;32m  OK  [0m] Stopped target Timers.
[[0;32m  OK  [0m] Stopped Daily apt upgrade and clean activities.
[[0;32m  OK  [0m] Stopped Message of the Day.
[[0;32m  OK  [0m] Stopped Daily apt download activities.
         Unmounting /run/user/1000...
[[0;32m  OK  [0m] Stopped Execute cloud user/final scripts.
[[0;32m  OK  [0m] Stopped Apply the settings specified in cloud-config.
[[0;32m  OK  [0m] Stopped target Cloud-config availability.
[[0;32m  OK  [0m] Stopped Daily Cleanup of Temporary Directories.
[[0;32m  OK  [0m] Stopped target Graphical Interface.
         Stopping Accounts Service...
[[0;32m  OK  [0m] Stopped target Multi-User System.
[[0;32m  OK  [0m] Stopped target Login Prompts.
         Stopping Getty on tty1...
         Stopping Regular background program processing daemon...
         Stopping System Logging Service...
         Stopping D-Bus System Message Bus...
         Stopping OpenBSD Secure Shell server...
         Stopping FUSE filesystem for LXC...
         Stopping Virtualbox guest utils...
         Stopping Deferred execution scheduler...
         Stopping LSB: daemon to balance interrupts for SMP systems...
         Stopping LXD - container startup/shutdown...
         Stopping LSB: Record successful boot for GRUB...
         Stopping LSB: MD monitoring daemon...
[[0;32m  OK  [0m] Stopped Ubuntu Advantage update messaging.
[[0;32m  OK  [0m] Stopped target System Time Synchronized.
         Stopping LSB: automatic crash report generation...
     [[0;32m  OK  [0m] Stopped Wait until snapd is fully seeded.
         Stopping LSB: Set the CPU Frequency Scaling governor to "ondemand"...
         Stopping ACPI event daemon...
[[0;32m  OK  [0m] Stopped Deferred execution scheduler.
[[0;32m  OK  [0m] Stopped Regular background program processing daemon.
[[0;32m  OK  [0m] Stopped Accounts Service.
[[0;32m  OK  [0m] Stopped System Logging Service.
[[0;32m  OK  [0m] Stopped Authenticate and Authorize Users to Run Privileged Tasks.
[[0;32m  OK  [0m] Stopped Serial Getty on ttyS0.
[[0;32m  OK  [0m] Stopped Getty on tty1.
[[0;32m  OK  [0m] Stopped OpenBSD Secure Shell server.
[[0;32m  OK  [0m] Stopped User Manager for UID 1000.
[[0;32m  OK  [0m] Stopped ACPI event daemon.
[[0;32m  OK  [0m] Unmounted /var/lib/lxcfs.
[[0;32m  OK  [0m] Stopped Session 4 of user vagrant.
[[0;32m  OK  [0m] Unmounted /run/user/1000.
[[0;32m  OK  [0m] Stopped D-Bus System Message Bus.
[[0;32m  OK  [0m] Stopped FUSE filesystem for LXC.
[[0;32m  OK  [0m] Stopped LSB: Record successful boot for GRUB.
[[0;32m  OK  [0m] Stopped LXD - container startup/shutdown.
[[0;32m  OK  [0m] Stopped LSB: MD monitoring daemon.
[[0;32m  OK  [0m] Stopped Virtualbox guest utils.
[[0;32m  OK  [0m] Stopped LSB: daemon to balance interrupts for SMP systems.
[[0;32m  OK  [0m] Stopped LSB: Set the CPU Frequency Scaling governor to "ondemand".
[[0;32m  OK  [0m] Removed slice User Slice of vagrant.
         Stopping Login Service...
[[0;32m  OK  [0m] Removed slice system-getty.slice.
[[0;32m  OK  [0m] Removed slice system-serial\x2dgetty.slice.
         Stopping Permit User Sessions...
[[0;32m  OK  [0m] Stopped /etc/rc.local Compatibility.
[[0;32m  OK  [0m] Stopped LSB: automatic crash report generation.
[[0;32m  OK  [0m] Stopped Permit User Sessions.
[[0;32m  OK  [0m] Stopped target Remote File Systems.
         Unmounting /vagrant...
         Unmounting /.data...
[[0;32m  OK  [0m] Unmounted /vagrant.
[[0;32m  OK  [0m] Unmounted /.data.
[[0;32m  OK  [0m] Reached target Unmount All Filesystems.
[[0;32m  OK  [0m] Stopped target Local File Systems (Pre).
         Stopping Monitoring of LVM2 mirrors... dmeventd or progress polling...
[[0;32m  OK  [0m] Stopped target Remote File Systems (Pre).
         Stopping Login to default iSCSI targets...
[[0;32m  OK  [0m] Stopped Login Service.
[[0;32m  OK  [0m] Stopped Monitoring of LVM2 mirrors,...ng dmeventd or progress polling.
         Stopping LVM2 metadata daemon...
[[0;32m  OK  [0m] Stopped target User and Group Name Lookups.
[[0;32m  OK  [0m] Stopped target Basic System.
[[0;32m  OK  [0m] Stopped target Slices.
[[0;32m  OK  [0m] Removed slice User and Session Slice.
[[0;32m  OK  [0m] Stopped target Sockets.
[[0;32m  OK  [0m] Closed Socket activation for snappy daemon.
[[0;32m  OK  [0m] Closed ACPID Listen Socket.
[[0;32m  OK  [0m] Closed D-Bus System Message Bus Socket.
[[0;32m  OK  [0m] Closed LXD - unix socket.
[[0;32m  OK  [0m] Closed UUID daemon activation socket.
[[0;32m  OK  [0m] Closed Syslog Socket.
[[0;32m  OK  [0m] Stopped target Paths.
[[0;32m  OK  [0m] Stopped ACPI Events Check.
[[0;32m  OK  [0m] Stopped target System Initialization.
[[0;32m  OK  [0m] Stopped Commit a transient machine-id on disk.
         Stopping Load/Save Random Seed...
[[0;32m  OK  [0m] Stopped Create Static Device Nodes in /dev.
[[0;32m  OK  [0m] Stopped target Swap.
[[0;32m  OK  [0m] Stopped Create Volatile Files and Directories.
[[0;32m  OK  [0m] Stopped target Encrypted Volumes.
[[0;32m  OK  [0m] Stopped Dispatch Password Requests to Console Directory Watch.
[[0;32m  OK  [0m] Stopped Forward Password Requests to Wall Directory Watch.
[[0;32m  OK  [0m] Stopped LVM2 metadata daemon.
[[0;32m  OK  [0m] Stopped Load/Save Random Seed.
[[0;32m  OK  [0m] Stopped Login to default iSCSI targets.
         Stopping iSCSI initiator daemon (iscsid)...
[[0;32m  OK  [0m] Stopped iSCSI initiator daemon (iscsid).
[[0;32m  OK  [0m] Stopped target Network is Online.
[[0;32m  OK  [0m] Stopped Initial cloud-init job (metadata service crawler).
[[0;32m  OK  [0m] Stopped target Network.
         Stopping Raise network interfaces...
[[0;32m  OK  [0m] Stopped Raise network interfaces.
[[0;32m  OK  [0m] Stopped target Network (Pre).
[[0;32m  OK  [0m] Stopped Initial cloud-init job (pre-networking).
[[0;32m  OK  [0m] Stopped Remount Root and Kernel File Systems.
[[0;32m  OK  [0m] Stopped Apply Kernel Variables.
[[0;32m  OK  [0m] Stopped Load Kernel Modules.
[[0;32m  OK  [0m] Reached target Shutdown.
[   91.254485] reboot: Power down
